13:50:45.030 INFO [GridLauncherV3.parse] - Selenium server version: 3.141.59, revision: e82be7d358
13:50:45.106 INFO [GridLauncherV3.lambda$buildLaunchers$3] - Launching a standalone Selenium Server on port 4444
2019-12-15 13:50:45.170:INFO::main: Logging initialized @446ms to org.seleniumhq.jetty9.util.log.StdErrLog
13:50:45.428 INFO [WebDriverServlet.<init>] - Initialising WebDriverServlet
13:50:45.510 INFO [SeleniumServer.boot] - Selenium Server is up and running on port 4444
13:50:45.787 INFO [ActiveSessionFactory.apply] - Capabilities are: {
  "acceptSslCerts": true,
  "browserName": "chrome",
  "chromeOptions": {
    "w3c": false
  },
  "name": "Liquor Test"
}
13:50:45.789 INFO [ActiveSessionFactory.lambda$apply$11] - Matched factory org.openqa.selenium.grid.session.remote.ServicedSession$Factory (provider: org.openqa.selenium.chrome.ChromeDriverService)
Starting ChromeDriver 77.0.3865.40 (f484704e052e0b556f8030b65b953dce96503217-refs/branch-heads/3865@{#442}) on port 23637
Only local connections are allowed.
Please protect ports used by ChromeDriver and related test frameworks to prevent access by malicious code.
[1576443046.351][WARNING]: This version of ChromeDriver has not been tested with Chrome version 78.
13:50:46.432 INFO [ProtocolHandshake.createSession] - Detected dialect: OSS
13:50:46.704 INFO [RemoteSession$Factory.lambda$performHandshake$0] - Started new session 85c5dcd454ded655de59fae2dd859e8d (org.openqa.selenium.chrome.ChromeDriverService)
13:51:28.745 INFO [ActiveSessions$1.onStop] - Removing session 85c5dcd454ded655de59fae2dd859e8d (org.openqa.selenium.chrome.ChromeDriverService)
